<?xml version="1.0" encoding="UTF-8"?>
<!-- Generated by org.testng.reporters.JUnitReportReporter -->
<testsuite hostname="Agadia-4" name="example_TestNG.Module2" tests="2" failures="0" timestamp="10 Dec 2017 08:13:09 GMT" time="48.585" errors="0">
  <testcase name="TC202" time="24.163" classname="example_TestNG.Module2"/>
  <testcase name="TC203" time="24.422" classname="example_TestNG.Module2"/>
</testsuite> <!-- example_TestNG.Module2 -->
